app/build/intermediates/manifest_merge_blame_file/release/manifest-merger-blame-release-report.txt
1<?xml version="1.0" encoding="utf-8"?>
2<manifest xmlns:android="http://schemas.android.com/apk/res/android"
3    package="sg.edu.np.mad.mad_assignment_cookverse"
4    android:versionCode="5"
5    android:versionName="1.1" >
6
7    <uses-sdk
8        android:minSdkVersion="21"
8-->src\main\AndroidManifest.xml
9        android:targetSdkVersion="32" />
9-->src\main\AndroidManifest.xml
10
11    <application
11-->src\main\AndroidManifest.xml:6:5-31:19
12        android:allowBackup="true"
12-->src\main\AndroidManifest.xml:7:9-35
13        android:appComponentFactory="androidx.core.app.CoreComponentFactory"
13-->[androidx.core:core:1.7.0] AndroidManifest.xml:24:18-86
14        android:icon="@mipmap/ic_launcher"
14-->src\main\AndroidManifest.xml:8:9-43
15        android:label="@string/app_name"
15-->src\main\AndroidManifest.xml:9:9-41
16        android:roundIcon="@mipmap/ic_launcher_round"
16-->src\main\AndroidManifest.xml:10:9-54
17        android:supportsRtl="true"
17-->src\main\AndroidManifest.xml:11:9-35
18        android:theme="@style/Theme.MADAssignmentCookverse" >
18-->src\main\AndroidManifest.xml:12:9-60
19        <activity
19-->src\main\AndroidManifest.xml:13:9-15:40
20            android:name="sg.edu.np.mad.mad_assignment_cookverse.RecipeActivity"
20-->src\main\AndroidManifest.xml:14:13-43
21            android:exported="false" />
21-->src\main\AndroidManifest.xml:15:13-37
22        <activity
22-->src\main\AndroidManifest.xml:16:9-18:39
23            android:name="sg.edu.np.mad.mad_assignment_cookverse.MainFragment"
23-->src\main\AndroidManifest.xml:17:13-41
24            android:exported="true" />
24-->src\main\AndroidManifest.xml:18:13-36
25        <activity
25-->src\main\AndroidManifest.xml:19:9-21:39
26            android:name="sg.edu.np.mad.mad_assignment_cookverse.CreateUserPage"
26-->src\main\AndroidManifest.xml:20:13-43
27            android:exported="true" />
27-->src\main\AndroidManifest.xml:21:13-36
28        <activity
28-->src\main\AndroidManifest.xml:22:9-30:20
29            android:name="sg.edu.np.mad.mad_assignment_cookverse.LoginPage"
29-->src\main\AndroidManifest.xml:23:13-38
30            android:exported="true" >
30-->src\main\AndroidManifest.xml:24:13-36
31            <intent-filter>
31-->src\main\AndroidManifest.xml:25:13-29:29
32                <action android:name="android.intent.action.MAIN" />
32-->src\main\AndroidManifest.xml:26:17-69
32-->src\main\AndroidManifest.xml:26:25-66
33
34                <category android:name="android.intent.category.LAUNCHER" />
34-->src\main\AndroidManifest.xml:28:17-77
34-->src\main\AndroidManifest.xml:28:27-74
35            </intent-filter>
36        </activity>
37
38        <provider
38-->[androidx.emoji2:emoji2:1.0.0] AndroidManifest.xml:26:9-34:20
39            android:name="androidx.startup.InitializationProvider"
39-->[androidx.emoji2:emoji2:1.0.0] AndroidManifest.xml:27:13-67
40            android:authorities="sg.edu.np.mad.mad_assignment_cookverse.androidx-startup"
40-->[androidx.emoji2:emoji2:1.0.0] AndroidManifest.xml:28:13-68
41            android:exported="false" >
41-->[androidx.emoji2:emoji2:1.0.0] AndroidManifest.xml:29:13-37
42            <meta-data
42-->[androidx.emoji2:emoji2:1.0.0] AndroidManifest.xml:31:13-33:52
43                android:name="androidx.emoji2.text.EmojiCompatInitializer"
43-->[androidx.emoji2:emoji2:1.0.0] AndroidManifest.xml:32:17-75
44                android:value="androidx.startup" />
44-->[androidx.emoji2:emoji2:1.0.0] AndroidManifest.xml:33:17-49
45            <meta-data
45-->[androidx.lifecycle:lifecycle-process:2.4.0] AndroidManifest.xml:31:13-33:52
46                android:name="androidx.lifecycle.ProcessLifecycleInitializer"
46-->[androidx.lifecycle:lifecycle-process:2.4.0] AndroidManifest.xml:32:17-78
47                android:value="androidx.startup" />
47-->[androidx.lifecycle:lifecycle-process:2.4.0] AndroidManifest.xml:33:17-49
48        </provider>
49    </application>
50
51</manifest>